<?xml version="1.0" encoding="UTF-8"?>
<!-- Generated by org.testng.reporters.JUnitReportReporter -->
<testsuite name="com.course.cases.GetUserInfoListTest" tests="1" time="0.000" ignored="0" failures="0" timestamp="03 Apr 2019 06:28:41 GMT" skipped="1" hostname="yangqianqiandeMacBook-Pro.local" errors="0">
  <testcase name="getUserListInfo" time="0.000" classname="com.course.cases.GetUserInfoListTest">
    <skipped/>
  </testcase> <!-- getUserListInfo -->
</testsuite> <!-- com.course.cases.GetUserInfoListTest -->
